<?xml version="1.0" encoding="UTF-8"?>
<testng-results ignored="0" total="1" passed="1" failed="0" skipped="0">
  <reporter-output>
  </reporter-output>
  <suite started-at="2022-10-17T20:46:20 IST" name="Default suite" finished-at="2022-10-17T20:46:46 IST" duration-ms="26362">
    <groups>
      <group name="regressionTest">
        <method signature="Create_OrganisationTest.create_Organisation()[pri:0, instance:com.crm.organigation.Create_OrganisationTest@35aea049]" name="create_Organisation" class="com.crm.organigation.Create_OrganisationTest"/>
      </group> <!-- regressionTest -->
    </groups>
    <test started-at="2022-10-17T20:46:20 IST" name="Default test" finished-at="2022-10-17T20:46:46 IST" duration-ms="26362">
      <class name="com.crm.organigation.Create_OrganisationTest">
        <test-method is-config="true" signature="bS()[pri:0, instance:com.crm.organigation.Create_OrganisationTest@35aea049]" started-at="2022-10-17T20:46:20 IST" name="bS" finished-at="2022-10-17T20:46:20 IST" duration-ms="13" status="PASS">
          <reporter-output>
          </reporter-output>
        </test-method> <!-- bS -->
        <test-method is-config="true" signature="bF()[pri:0, instance:com.crm.organigation.Create_OrganisationTest@35aea049]" started-at="2022-10-17T20:46:20 IST" name="bF" finished-at="2022-10-17T20:46:20 IST" duration-ms="0" status="PASS">
          <reporter-output>
          </reporter-output>
        </test-method> <!-- bF -->
        <test-method is-config="true" signature="bC()[pri:0, instance:com.crm.organigation.Create_OrganisationTest@35aea049]" started-at="2022-10-17T20:46:20 IST" name="bC" finished-at="2022-10-17T20:46:22 IST" duration-ms="2596" status="PASS">
          <reporter-output>
          </reporter-output>
        </test-method> <!-- bC -->
        <test-method is-config="true" signature="bM()[pri:0, instance:com.crm.organigation.Create_OrganisationTest@35aea049]" started-at="2022-10-17T20:46:22 IST" name="bM" finished-at="2022-10-17T20:46:28 IST" duration-ms="5623" status="PASS">
          <reporter-output>
          </reporter-output>
        </test-method> <!-- bM -->
        <test-method signature="create_Organisation()[pri:0, instance:com.crm.organigation.Create_OrganisationTest@35aea049]" started-at="2022-10-17T20:46:28 IST" name="create_Organisation" finished-at="2022-10-17T20:46:46 IST" duration-ms="18084" status="PASS">
          <reporter-output>
          </reporter-output>
        </test-method> <!-- create_Organisation -->
        <test-method is-config="true" signature="aM()[pri:0, instance:com.crm.organigation.Create_OrganisationTest@35aea049]" started-at="2022-10-17T20:46:46 IST" name="aM" finished-at="2022-10-17T20:46:46 IST" duration-ms="1" status="PASS">
          <reporter-output>
          </reporter-output>
        </test-method> <!-- aM -->
        <test-method is-config="true" signature="aC()[pri:0, instance:com.crm.organigation.Create_OrganisationTest@35aea049]" started-at="2022-10-17T20:46:46 IST" name="aC" finished-at="2022-10-17T20:46:46 IST" duration-ms="0" status="PASS">
          <reporter-output>
          </reporter-output>
        </test-method> <!-- aC -->
        <test-method is-config="true" signature="aT()[pri:0, instance:com.crm.organigation.Create_OrganisationTest@35aea049]" started-at="2022-10-17T20:46:46 IST" name="aT" finished-at="2022-10-17T20:46:46 IST" duration-ms="0" status="PASS">
          <reporter-output>
          </reporter-output>
        </test-method> <!-- aT -->
        <test-method is-config="true" signature="aS()[pri:0, instance:com.crm.organigation.Create_OrganisationTest@35aea049]" started-at="2022-10-17T20:46:46 IST" name="aS" finished-at="2022-10-17T20:46:46 IST" duration-ms="0" status="PASS">
          <reporter-output>
          </reporter-output>
        </test-method> <!-- aS -->
      </class> <!-- com.crm.organigation.Create_OrganisationTest -->
    </test> <!-- Default test -->
  </suite> <!-- Default suite -->
</testng-results>
